/home/abid/PycharmProjects/capstone-api/uploads/
saving /home/abid/PycharmProjects/capstone-api/uploads/FS.jpeg
/home/abid/PycharmProjects/capstone-api
/home/abid/PycharmProjects/capstone-api/uploads/
Deleting FS.jpeg
/home/abid/PycharmProjects/capstone-api
/home/abid/PycharmProjects/capstone-api
Exception on / [GET]
Traceback (most recent call last):
  File "/home/abid/PycharmProjects/capstone-api/venv/lib/python3.7/site-packages/flask/app.py", line 2446, in wsgi_app
    response = self.full_dispatch_request()
  File "/home/abid/PycharmProjects/capstone-api/venv/lib/python3.7/site-packages/flask/app.py", line 1951, in full_dispatch_request
    rv = self.handle_user_exception(e)
  File "/home/abid/PycharmProjects/capstone-api/venv/lib/python3.7/site-packages/flask/app.py", line 1820, in handle_user_exception
    reraise(exc_type, exc_value, tb)
  File "/home/abid/PycharmProjects/capstone-api/venv/lib/python3.7/site-packages/flask/_compat.py", line 39, in reraise
    raise value
  File "/home/abid/PycharmProjects/capstone-api/venv/lib/python3.7/site-packages/flask/app.py", line 1949, in full_dispatch_request
    rv = self.dispatch_request()
  File "/home/abid/PycharmProjects/capstone-api/venv/lib/python3.7/site-packages/flask/app.py", line 1935, in dispatch_request
    return self.view_functions[rule.endpoint](**req.view_args)
  File "/home/abid/PycharmProjects/capstone-api/app.py", line 58, in get_img
    img_name = list_of_files[0].replace('uploads/', '')
IndexError: list index out of range
/home/abid/PycharmProjects/capstone-api/uploads/
saving /home/abid/PycharmProjects/capstone-api/uploads/BLB.jpeg
/home/abid/PycharmProjects/capstone-api
/home/abid/PycharmProjects/capstone-api/uploads/
Deleting BLB.jpeg
/home/abid/PycharmProjects/capstone-api
/home/abid/PycharmProjects/capstone-api/uploads/
saving /home/abid/PycharmProjects/capstone-api/uploads/BLB.jpeg
/home/abid/PycharmProjects/capstone-api
/home/abid/PycharmProjects/capstone-api/uploads/
Deleting BLB.jpeg
